cl : command line warning D9035: option 'GZ' has been deprecated and will be removed in a future release
cl : command line warning D9036: use 'RTC1' instead of 'GZ'
  App.cpp
C:\Users\vky\source\テスト\MediaManager\MediaManager\Metadata.h(2,10): warning C4067: unexpected tokens following preprocessor directive - expected a newline
C:\Users\vky\source\テスト\MediaManager\MediaManager\Metadata.h(104,21): warning C4018: '<': signed/unsigned mismatch
C:\Users\vky\source\テスト\MediaManager\MediaManager\Metadata.h(148,21): warning C4018: '<': signed/unsigned mismatch
C:\Users\vky\source\テスト\MediaManager\MediaManager\Metadata.h(185,21): warning C4018: '<': signed/unsigned mismatch
C:\Users\vky\source\テスト\MediaManager\MediaManager\Metadata.h(194,21): warning C4018: '<': signed/unsigned mismatch
C:\Users\vky\source\テスト\MediaManager\MediaManager\Library.h(35,21): warning C4018: '<': signed/unsigned mismatch
C:\Users\vky\source\テスト\MediaManager\MediaManager\App.cpp(76,60): warning C4244: 'argument': conversion from 'int' to 'float', possible loss of data
  Library.cpp
C:\Users\vky\source\テスト\MediaManager\MediaManager\Metadata.h(2,10): warning C4067: unexpected tokens following preprocessor directive - expected a newline
C:\Users\vky\source\テスト\MediaManager\MediaManager\Metadata.h(104,21): warning C4018: '<': signed/unsigned mismatch
C:\Users\vky\source\テスト\MediaManager\MediaManager\Metadata.h(148,21): warning C4018: '<': signed/unsigned mismatch
C:\Users\vky\source\テスト\MediaManager\MediaManager\Metadata.h(185,21): warning C4018: '<': signed/unsigned mismatch
C:\Users\vky\source\テスト\MediaManager\MediaManager\Metadata.h(194,21): warning C4018: '<': signed/unsigned mismatch
C:\Users\vky\source\テスト\MediaManager\MediaManager\Library.h(35,21): warning C4018: '<': signed/unsigned mismatch
C:\Users\vky\source\テスト\MediaManager\MediaManager\Library.cpp(42,20): warning C4018: '<': signed/unsigned mismatch
C:\Users\vky\source\テスト\MediaManager\MediaManager\Library.cpp(71,30): warning C4018: '<': signed/unsigned mismatch
C:\Users\vky\source\テスト\MediaManager\MediaManager\Library.cpp(89,21): warning C4018: '<': signed/unsigned mismatch
C:\Users\vky\source\テスト\MediaManager\MediaManager\Library.cpp(105,22): warning C4018: '<': signed/unsigned mismatch
C:\Users\vky\source\テスト\MediaManager\MediaManager\Library.cpp(138,21): warning C4018: '<': signed/unsigned mismatch
C:\Users\vky\source\テスト\MediaManager\MediaManager\Library.cpp(322,20): warning C4018: '<': signed/unsigned mismatch
  MenuItem.cpp
C:\Users\vky\source\テスト\MediaManager\MediaManager\Metadata.h(2,10): warning C4067: unexpected tokens following preprocessor directive - expected a newline
C:\Users\vky\source\テスト\MediaManager\MediaManager\Metadata.h(104,21): warning C4018: '<': signed/unsigned mismatch
C:\Users\vky\source\テスト\MediaManager\MediaManager\Metadata.h(148,21): warning C4018: '<': signed/unsigned mismatch
C:\Users\vky\source\テスト\MediaManager\MediaManager\Metadata.h(185,21): warning C4018: '<': signed/unsigned mismatch
C:\Users\vky\source\テスト\MediaManager\MediaManager\Metadata.h(194,21): warning C4018: '<': signed/unsigned mismatch
C:\Users\vky\source\テスト\MediaManager\MediaManager\MenuItem.cpp(16,20): warning C4018: '<': signed/unsigned mismatch
C:\Users\vky\source\テスト\MediaManager\MediaManager\MenuItem.cpp(98,20): warning C4018: '<': signed/unsigned mismatch
C:\Users\vky\source\テスト\MediaManager\MediaManager\MenuItem.cpp(107,22): warning C4018: '<=': signed/unsigned mismatch
C:\Users\vky\source\テスト\MediaManager\MediaManager\MenuItem.cpp(114,22): warning C4018: '<=': signed/unsigned mismatch
C:\Users\vky\source\テスト\MediaManager\MediaManager\MenuItem.cpp(168,12): warning C4018: '>=': signed/unsigned mismatch
C:\Users\vky\source\テスト\MediaManager\MediaManager\MenuItem.cpp(180,19): warning C4018: '>': signed/unsigned mismatch
C:\Users\vky\source\テスト\MediaManager\MediaManager\MenuItem.cpp(194,20): warning C4018: '<': signed/unsigned mismatch
C:\Users\vky\source\テスト\MediaManager\MediaManager\MenuItem.cpp(209,13): warning C4244: 'initializing': conversion from 'double' to 'float', possible loss of data
C:\Users\vky\source\テスト\MediaManager\MediaManager\MenuItem.cpp(210,17): warning C4244: 'initializing': conversion from 'double' to 'float', possible loss of data
  main.cpp
C:\Users\vky\source\テスト\MediaManager\MediaManager\Metadata.h(2,10): warning C4067: unexpected tokens following preprocessor directive - expected a newline
C:\Users\vky\source\テスト\MediaManager\MediaManager\Metadata.h(104,21): warning C4018: '<': signed/unsigned mismatch
C:\Users\vky\source\テスト\MediaManager\MediaManager\Metadata.h(148,21): warning C4018: '<': signed/unsigned mismatch
C:\Users\vky\source\テスト\MediaManager\MediaManager\Metadata.h(185,21): warning C4018: '<': signed/unsigned mismatch
C:\Users\vky\source\テスト\MediaManager\MediaManager\Metadata.h(194,21): warning C4018: '<': signed/unsigned mismatch
C:\Users\vky\source\テスト\MediaManager\MediaManager\Library.h(35,21): warning C4018: '<': signed/unsigned mismatch
  Generating Code...
  MediaManager.vcxproj -> C:\Users\vky\source\テスト\MediaManager\Debug\MediaManager.exe
